0 info it worked if it ends with ok
1 verbose cli [ '/usr/local/Cellar/node/6.6.0/bin/node',
1 verbose cli   '/usr/local/bin/npm',
1 verbose cli   'start' ]
2 info using npm@3.10.7
3 info using node@v6.6.0
4 verbose run-script [ 'prestart', 'start', 'poststart' ]
5 info lifecycle meteorexample@~prestart: meteorexample@
6 silly lifecycle meteorexample@~prestart: no script for prestart, continuing
7 info lifecycle meteorexample@~start: meteorexample@
8 verbose lifecycle meteorexample@~start: unsafe-perm in lifecycle true
9 verbose lifecycle meteorexample@~start: PATH: /usr/local/lib/node_modules/npm/bin/node-gyp-bin:/Users/muthu/node_js_training/nodejs-module-eight/meteorsample/meteorexample/node_modules/.bin:/usr/local/Cellar/node/6.6.0/bin:/usr/local/bin:/usr/bin:/bin:/usr/sbin:/sbin
10 verbose lifecycle meteorexample@~start: CWD: /Users/muthu/node_js_training/nodejs-module-eight/meteorsample/meteorexample
11 silly lifecycle meteorexample@~start: Args: [ '-c', 'meteor run' ]
12 info lifecycle meteorexample@~start: Failed to exec start script
13 verbose stack Error: meteorexample@ start: `meteor run`
13 verbose stack spawn ENOENT
13 verbose stack     at ChildProcess.<anonymous> (/usr/local/lib/node_modules/npm/lib/utils/spawn.js:33:16)
13 verbose stack     at emitTwo (events.js:106:13)
13 verbose stack     at ChildProcess.emit (events.js:191:7)
13 verbose stack     at maybeClose (internal/child_process.js:877:16)
13 verbose stack     at Process.ChildProcess._handle.onexit (internal/child_process.js:226:5)
14 verbose pkgid meteorexample@
15 verbose cwd /Users/muthu/node_js_training/nodejs-module-eight/meteorsample/meteorexample
16 error Darwin 16.5.0
17 error argv "/usr/local/Cellar/node/6.6.0/bin/node" "/usr/local/bin/npm" "start"
18 error node v6.6.0
19 error npm  v3.10.7
20 error file sh
21 error code ELIFECYCLE
22 error errno ENOENT
23 error syscall spawn
24 error meteorexample@ start: `meteor run`
24 error spawn ENOENT
25 error Failed at the meteorexample@ start script 'meteor run'.
25 error Make sure you have the latest version of node.js and npm installed.
25 error If you do, this is most likely a problem with the meteorexample package,
25 error not with npm itself.
25 error Tell the author that this fails on your system:
25 error     meteor run
25 error You can get information on how to open an issue for this project with:
25 error     npm bugs meteorexample
25 error Or if that isn't available, you can get their info via:
25 error     npm owner ls meteorexample
25 error There is likely additional logging output above.
26 verbose exit [ 1, true ]
